<?xml version="1.0" encoding="UTF-8"?>
<testsuite name="CalculatorTest" tests="1" skipped="0" failures="0" errors="0" timestamp="2022-01-18T14:44:48" hostname="AMAC02Y42SQJGH5" time="0.019">
  <properties/>
  <testcase name="Given the numbers two and three When I call Calculator Then return five()" classname="CalculatorTest" time="0.019"/>
  <system-out><![CDATA[]]></system-out>
  <system-err><![CDATA[]]></system-err>
</testsuite>
